INFO  | 2020-11-30 06:47:01 | [main] aspects.LoggingAspect (LoggingAspect.java:25) - time taken267
WARN  | 2020-11-30 07:09:53 | [main] support.AbstractApplicationContext (AbstractApplicationContext.java:559) - Exception encountered during context initialization - cancelling refresh attempt: org.springframework.beans.factory.UnsatisfiedDependencyException: Error creating bean with name 'bookDaoImpl' defined in file [E:\HCL Training\Spring\BookApp\target\classes\com\bookapp\dao\BookDaoImpl.class]: Unsatisfied dependency expressed through constructor parameter 0; nested exception is org.springframework.beans.factory.BeanCreationException: Error creating bean with name 'dataSource' defined in class path resource [beans.xml]: Error setting property values; nested exception is org.springframework.beans.PropertyBatchUpdateException; nested PropertyAccessExceptions (1) are:
PropertyAccessException 1: org.springframework.beans.MethodInvocationException: Property 'driverClassName' threw exception; nested exception is java.lang.IllegalStateException: Could not load JDBC driver class [com.mysql.cj.jdbc.Driver]
INFO  | 2020-11-30 07:10:33 | [main] hibernate.Version (Version.java:45) - HHH000412: Hibernate Core {5.2.9.Final}
INFO  | 2020-11-30 07:10:33 | [main] cfg.Environment (Environment.java:213) - HHH000206: hibernate.properties not found
INFO  | 2020-11-30 07:10:33 | [main] java.JavaReflectionManager (JavaReflectionManager.java:66) - HCANN000001: Hibernate Commons Annotations {5.0.1.Final}
INFO  | 2020-11-30 07:10:33 | [main] dialect.Dialect (Dialect.java:157) - HHH000400: Using dialect: org.hibernate.dialect.MySQL57Dialect
INFO  | 2020-11-30 07:10:34 | [main] util.Version (Version.java:27) - HV000001: Hibernate Validator 5.1.0.Final
INFO  | 2020-11-30 07:11:45 | [main] hibernate.Version (Version.java:45) - HHH000412: Hibernate Core {5.2.9.Final}
INFO  | 2020-11-30 07:11:45 | [main] cfg.Environment (Environment.java:213) - HHH000206: hibernate.properties not found
INFO  | 2020-11-30 07:11:45 | [main] java.JavaReflectionManager (JavaReflectionManager.java:66) - HCANN000001: Hibernate Commons Annotations {5.0.1.Final}
INFO  | 2020-11-30 07:11:45 | [main] dialect.Dialect (Dialect.java:157) - HHH000400: Using dialect: org.hibernate.dialect.MySQL57Dialect
INFO  | 2020-11-30 07:11:46 | [main] util.Version (Version.java:27) - HV000001: Hibernate Validator 5.1.0.Final
INFO  | 2020-11-30 07:19:06 | [main] hibernate.Version (Version.java:45) - HHH000412: Hibernate Core {5.2.9.Final}
INFO  | 2020-11-30 07:19:06 | [main] cfg.Environment (Environment.java:213) - HHH000206: hibernate.properties not found
INFO  | 2020-11-30 07:19:06 | [main] java.JavaReflectionManager (JavaReflectionManager.java:66) - HCANN000001: Hibernate Commons Annotations {5.0.1.Final}
INFO  | 2020-11-30 07:19:07 | [main] dialect.Dialect (Dialect.java:157) - HHH000400: Using dialect: org.hibernate.dialect.MySQL57Dialect
INFO  | 2020-11-30 07:19:08 | [main] util.Version (Version.java:27) - HV000001: Hibernate Validator 5.1.0.Final
INFO  | 2020-11-30 07:19:37 | [main] hibernate.Version (Version.java:45) - HHH000412: Hibernate Core {5.2.9.Final}
INFO  | 2020-11-30 07:19:37 | [main] cfg.Environment (Environment.java:213) - HHH000206: hibernate.properties not found
INFO  | 2020-11-30 07:19:37 | [main] java.JavaReflectionManager (JavaReflectionManager.java:66) - HCANN000001: Hibernate Commons Annotations {5.0.1.Final}
INFO  | 2020-11-30 07:19:37 | [main] dialect.Dialect (Dialect.java:157) - HHH000400: Using dialect: org.hibernate.dialect.MySQL57Dialect
INFO  | 2020-11-30 07:19:38 | [main] util.Version (Version.java:27) - HV000001: Hibernate Validator 5.1.0.Final
INFO  | 2020-11-30 07:20:46 | [main] hibernate.Version (Version.java:45) - HHH000412: Hibernate Core {5.2.9.Final}
INFO  | 2020-11-30 07:20:46 | [main] cfg.Environment (Environment.java:213) - HHH000206: hibernate.properties not found
INFO  | 2020-11-30 07:20:46 | [main] java.JavaReflectionManager (JavaReflectionManager.java:66) - HCANN000001: Hibernate Commons Annotations {5.0.1.Final}
INFO  | 2020-11-30 07:20:47 | [main] dialect.Dialect (Dialect.java:157) - HHH000400: Using dialect: org.hibernate.dialect.MySQL57Dialect
INFO  | 2020-11-30 07:20:47 | [main] util.Version (Version.java:27) - HV000001: Hibernate Validator 5.1.0.Final
INFO  | 2020-11-30 07:20:48 | [main] internal.QueryTranslatorFactoryInitiator (QueryTranslatorFactoryInitiator.java:47) - HHH000397: Using ASTQueryTranslatorFactory
INFO  | 2020-11-30 07:23:01 | [main] hibernate.Version (Version.java:45) - HHH000412: Hibernate Core {5.2.9.Final}
INFO  | 2020-11-30 07:23:01 | [main] cfg.Environment (Environment.java:213) - HHH000206: hibernate.properties not found
INFO  | 2020-11-30 07:23:01 | [main] java.JavaReflectionManager (JavaReflectionManager.java:66) - HCANN000001: Hibernate Commons Annotations {5.0.1.Final}
INFO  | 2020-11-30 07:23:01 | [main] dialect.Dialect (Dialect.java:157) - HHH000400: Using dialect: org.hibernate.dialect.MySQL57Dialect
INFO  | 2020-11-30 07:23:02 | [main] util.Version (Version.java:27) - HV000001: Hibernate Validator 5.1.0.Final
INFO  | 2020-11-30 07:23:03 | [main] internal.QueryTranslatorFactoryInitiator (QueryTranslatorFactoryInitiator.java:47) - HHH000397: Using ASTQueryTranslatorFactory
INFO  | 2020-11-30 07:23:03 | [main] aspects.LoggingAspect (LoggingAspect.java:24) - time taken181
INFO  | 2020-11-30 07:23:51 | [main] hibernate.Version (Version.java:45) - HHH000412: Hibernate Core {5.2.9.Final}
INFO  | 2020-11-30 07:23:51 | [main] cfg.Environment (Environment.java:213) - HHH000206: hibernate.properties not found
INFO  | 2020-11-30 07:23:51 | [main] java.JavaReflectionManager (JavaReflectionManager.java:66) - HCANN000001: Hibernate Commons Annotations {5.0.1.Final}
INFO  | 2020-11-30 07:23:52 | [main] dialect.Dialect (Dialect.java:157) - HHH000400: Using dialect: org.hibernate.dialect.MySQL57Dialect
INFO  | 2020-11-30 07:23:52 | [main] util.Version (Version.java:27) - HV000001: Hibernate Validator 5.1.0.Final
INFO  | 2020-11-30 07:23:53 | [main] internal.QueryTranslatorFactoryInitiator (QueryTranslatorFactoryInitiator.java:47) - HHH000397: Using ASTQueryTranslatorFactory
INFO  | 2020-11-30 07:23:54 | [main] aspects.LoggingAspect (LoggingAspect.java:24) - time taken192
INFO  | 2020-12-02 09:54:49 | [main] hibernate.Version (Version.java:45) - HHH000412: Hibernate Core {5.2.9.Final}
INFO  | 2020-12-02 09:54:49 | [main] cfg.Environment (Environment.java:213) - HHH000206: hibernate.properties not found
INFO  | 2020-12-02 09:54:49 | [main] java.JavaReflectionManager (JavaReflectionManager.java:66) - HCANN000001: Hibernate Commons Annotations {5.0.1.Final}
INFO  | 2020-12-02 09:54:49 | [main] dialect.Dialect (Dialect.java:157) - HHH000400: Using dialect: org.hibernate.dialect.MySQL57Dialect
INFO  | 2020-12-02 09:54:50 | [main] util.Version (Version.java:27) - HV000001: Hibernate Validator 5.1.0.Final
INFO  | 2020-12-02 09:54:52 | [main] internal.QueryTranslatorFactoryInitiator (QueryTranslatorFactoryInitiator.java:47) - HHH000397: Using ASTQueryTranslatorFactory
INFO  | 2020-12-02 09:54:52 | [main] aspects.LoggingAspect (LoggingAspect.java:24) - time taken425com.bookapp.service.BookService
